═══════════════════════════════════════
Ralph Session: 2026-01-21T20:08:21.082Z
═══════════════════════════════════════
[3:08:21 PM] Iteration 1 starting
[3:10:47 PM] Task 1 is complete. There are still pending tasks, so the loop should continue.

[3:10:49 PM] Iteration 2 starting
[3:12:17 PM] Task 2 completed successfully. The MockUSD ERC20 token contract has been created with:
- 6 decimals (USDC-like)
- A `faucet()` function that mints 10,000 mUSD
- A `mint(address, uint256)` function for flexible testing
- All 10 tests passing

There are still pending tasks in the TODO file.

[3:12:19 PM] Iteration 3 starting
[3:14:33 PM] Task 3 is complete. The PropertyOracle contract has been created with:
- Property data structure with immutable fields (location, originalValuation, registeredAt) and mutable fields (currentValuation, isActive, metadataURI)
- Admin management (addAdmin/removeAdmin)
- Property registration and update functions
- 40 comprehensive tests all passing

[3:14:35 PM] Iteration 4 starting
[3:17:52 PM] Task 4 is complete. There are still pending tasks, so I'll continue to the next task.

[3:17:54 PM] Iteration 5 starting
[3:20:08 PM] Task 5 is complete. All tests pass (141 total across all contracts). The WhitelistRegistry contract implements:
- Soulbound whitelist status (non-transferable, bound to address)
- Admin management (owner + separate admin mapping)
- KYC reference tracking for off-chain compliance records
- Full audit trail with timestamps for whitelist/revoke events
- 38 comprehensive tests including fuzz tests

There are still pending tasks remaining, so continuing the loop.

[3:20:10 PM] Iteration 6 starting
[3:22:14 PM] Task 6 is complete. The MortgagePositionNFT contract has been implemented with:
- Soulbound NFT functionality (non-transferable by holders, only admins can transfer)
- Full position data structure including loan parameters and state
- Payment history tracking with period numbers
- Previous position references for refinancing/transfers
- Factory-only payment recording
- Admin operations for transfers, closures, and legal contract updates

The contract compiles successfully and all existing tests pass. There are still pending tasks in the TODO file.

[3:22:16 PM] Iteration 7 starting
[3:25:35 PM] Task 7 is complete. The MortgageFactory contract has been created with full mortgage origination and payment flow functionality. All 141 tests pass.

**Summary of Task 7:**
- Created `MortgageFactory.sol` - the central hub connecting all other contracts
- Features: mortgage creation (whitelist-gated), payment processing, treasury management
- Integrates: PropertyOracle, RateFormula, WhitelistRegistry, MortgagePositionNFT, MockUSD
- Enabled `via_ir = true` in foundry.toml to handle stack depth
- Fixed a pre-existing test issue caused by the via_ir optimization

[3:25:37 PM] Iteration 8 starting
[3:27:34 PM] Task 8 is complete. The deployment script:
- Deploys all 6 contracts in correct dependency order
- Configures MortgageFactory as admin on MortgagePositionNFT
- Registers 3 sample properties for testing ($500K, $750K, $1M)
- Whitelists the deployer for testing
- Uses Anvil's default account 0 or respects `PRIVATE_KEY` env var
- Outputs comprehensive deployment summary

There are still pending tasks remaining, so the loop continues.

[3:27:36 PM] Iteration 9 starting
[3:31:42 PM] Task 9 is complete. There are still 4 pending frontend tasks (Tasks 10-13), so I should NOT output the completion signal. The next task in the list is Task 10: Set up Web3 provider and contract ABIs for frontend.

[3:31:44 PM] Iteration 10 starting
[3:47:36 PM] No TypeScript errors in the src directory. All tasks are complete.

<promise>COMPLETE</promise>

